=================================================
               SYSTEM REPORT
=================================================
Hostname: DESKTOP-K7QT2SV
Date: Thu Feb 26 18:07:57 WAT 2026
-------------------------------------------------

[ CPU USAGE ]
%Cpu(s):  0.0 us,  0.0 sy,  0.0 ni,100.0 id,  0.0 wa,  0.0 hi,  0.0 si,  0.0 st

[ MEMORY USAGE ]
              total        used        free      shared  buff/cache   available
Mem:          3.8Gi       218Mi       3.4Gi       0.0Ki       108Mi       3.4Gi
Swap:         1.0Gi          0B       1.0Gi

[ DISK USAGE ]
/dev/sdc        251G  1.7G  237G   1% /

[ TOP 5 CPU PROCESSES ]
  PID CMD                         %MEM %CPU
    1 /init                        0.0  0.0
   11 /init                        0.0  0.0
   12 /init                        0.0  0.0
   13 -bash                        0.1  0.0
   95 /bin/bash ./logging_monitor  0.0  0.0

[ TOP 5 MEMORY PROCESSES ]
  PID CMD                         %MEM %CPU
   13 -bash                        0.1  0.0
   95 /bin/bash ./logging_monitor  0.0  0.0
  109 ps -eo pid,cmd,%mem,%cpu --  0.0  0.0
   98 /bin/bash ./logging_monitor  0.0  0.0
    1 /init                        0.0  0.0

=================================================
               END OF REPORT
=================================================
